mode: set
github.com/minyiky/advent-of-code-utils/package/container/map.go:3.54,5.22 2 1
github.com/minyiky/advent-of-code-utils/package/container/map.go:5.22,7.3 1 1
github.com/minyiky/advent-of-code-utils/package/container/map.go:8.2,8.10 1 1
github.com/minyiky/advent-of-code-utils/package/container/slice.go:10.37,11.54 1 1
github.com/minyiky/advent-of-code-utils/package/container/slice.go:11.54,13.3 1 1
github.com/minyiky/advent-of-code-utils/package/container/slice.go:18.65,19.28 1 1
github.com/minyiky/advent-of-code-utils/package/container/slice.go:19.28,20.18 1 1
github.com/minyiky/advent-of-code-utils/package/container/slice.go:20.18,22.4 1 1
github.com/minyiky/advent-of-code-utils/package/container/slice.go:24.2,24.17 1 1
github.com/minyiky/advent-of-code-utils/package/container/slice.go:28.60,29.21 1 1
github.com/minyiky/advent-of-code-utils/package/container/slice.go:29.21,31.3 1 1
github.com/minyiky/advent-of-code-utils/package/container/slice.go:32.2,33.28 2 1
github.com/minyiky/advent-of-code-utils/package/container/slice.go:33.28,34.16 1 1
github.com/minyiky/advent-of-code-utils/package/container/slice.go:34.16,36.4 1 1
github.com/minyiky/advent-of-code-utils/package/container/slice.go:38.2,38.17 1 1
github.com/minyiky/advent-of-code-utils/package/container/slice.go:41.38,45.2 3 1
github.com/minyiky/advent-of-code-utils/package/maths/maths.go:6.59,7.11 1 1
github.com/minyiky/advent-of-code-utils/package/maths/maths.go:7.11,9.3 1 1
github.com/minyiky/advent-of-code-utils/package/maths/maths.go:10.2,10.10 1 1
github.com/minyiky/advent-of-code-utils/package/maths/maths.go:14.62,15.17 1 1
github.com/minyiky/advent-of-code-utils/package/maths/maths.go:15.17,17.3 1 1
github.com/minyiky/advent-of-code-utils/package/maths/maths.go:18.2,19.22 2 1
github.com/minyiky/advent-of-code-utils/package/maths/maths.go:19.22,20.14 1 1
github.com/minyiky/advent-of-code-utils/package/maths/maths.go:20.14,22.4 1 0
github.com/minyiky/advent-of-code-utils/package/maths/maths.go:24.2,24.12 1 1
github.com/minyiky/advent-of-code-utils/package/point/actions.go:3.31,9.29 4 1
github.com/minyiky/advent-of-code-utils/package/point/actions.go:9.29,11.3 1 1
github.com/minyiky/advent-of-code-utils/package/point/actions.go:14.2,16.21 2 1
github.com/minyiky/advent-of-code-utils/package/point/actions.go:19.36,25.29 4 1
github.com/minyiky/advent-of-code-utils/package/point/actions.go:25.29,27.3 1 1
github.com/minyiky/advent-of-code-utils/package/point/actions.go:30.2,32.21 2 1
github.com/minyiky/advent-of-code-utils/package/point/distance.go:9.47,15.29 4 1
github.com/minyiky/advent-of-code-utils/package/point/distance.go:15.29,17.3 1 1
github.com/minyiky/advent-of-code-utils/package/point/distance.go:19.2,19.17 1 1
github.com/minyiky/advent-of-code-utils/package/point/distance.go:22.47,28.29 4 1
github.com/minyiky/advent-of-code-utils/package/point/distance.go:28.29,30.3 1 1
github.com/minyiky/advent-of-code-utils/package/point/distance.go:32.2,32.17 1 1
github.com/minyiky/advent-of-code-utils/package/point/distance.go:35.51,41.29 4 1
github.com/minyiky/advent-of-code-utils/package/point/distance.go:41.29,43.3 1 1
github.com/minyiky/advent-of-code-utils/package/point/distance.go:45.2,45.28 1 1
github.com/minyiky/advent-of-code-utils/package/point/point.go:7.39,8.21 1 1
github.com/minyiky/advent-of-code-utils/package/point/point.go:9.9,10.47 1 1
github.com/minyiky/advent-of-code-utils/package/point/point.go:11.9,12.58 1 1
github.com/minyiky/advent-of-code-utils/package/point/point.go:13.10,14.30 1 0
github.com/minyiky/advent-of-code-utils/package/point/point2d.go:7.36,11.2 1 1
github.com/minyiky/advent-of-code-utils/package/point/point2d.go:13.34,15.2 1 1
github.com/minyiky/advent-of-code-utils/package/point/point2d.go:17.49,18.22 1 0
github.com/minyiky/advent-of-code-utils/package/point/point2d.go:18.22,20.3 1 0
github.com/minyiky/advent-of-code-utils/package/point/point2d.go:21.2,22.12 2 0
github.com/minyiky/advent-of-code-utils/package/point/point2d.go:25.27,27.2 1 0
github.com/minyiky/advent-of-code-utils/package/point/point2d.go:29.27,31.2 1 0
github.com/minyiky/advent-of-code-utils/package/point/point3d.go:7.39,11.2 1 1
github.com/minyiky/advent-of-code-utils/package/point/point3d.go:13.34,15.2 1 1
github.com/minyiky/advent-of-code-utils/package/point/point3d.go:17.27,19.2 1 0
github.com/minyiky/advent-of-code-utils/package/point/point3d.go:21.27,23.2 1 0
